<<<<<<< HEAD
2018-06-18T12:09:21+00:00 INFO (6): Array
=======
2018-06-19T05:04:02+00:00 INFO (6): Array
>>>>>>> 120448d3f8e03fd5712cbb630f81e1e6d61f82f5
(
    [import_product_stocks_NZ.csv] => import_product_stocks_NZ.csv : Stock updated successfully.
)

<<<<<<< HEAD
2018-06-18T12:12:33+00:00 INFO (6): Array
=======
2018-06-19T05:08:10+00:00 INFO (6): Array
>>>>>>> 120448d3f8e03fd5712cbb630f81e1e6d61f82f5
(
    [import_product_stocks_NZ.csv] => import_product_stocks_NZ.csv : Stock updated successfully.
)

<<<<<<< HEAD
2018-06-18T13:23:56+00:00 INFO (6): Array
=======
2018-07-04T07:00:18+00:00 INFO (6): Array
>>>>>>> 120448d3f8e03fd5712cbb630f81e1e6d61f82f5
(
    [import_product_stocks_GB.csv] => import_product_stocks_GB.csv : Stock updated successfully.
)

<<<<<<< HEAD
2018-06-18T13:40:15+00:00 INFO (6): Array
(
    [import_product_stocks_NZ.csv] => import_product_stocks_NZ.csv : Stock updated successfully.
)

=======
>>>>>>> 120448d3f8e03fd5712cbb630f81e1e6d61f82f5
